2025-01-24 17:30:28,226 - INFO - Starting report generation for date: 2025-01-23
2025-01-24 17:30:28,226 - INFO - Report class initialized successfully
2025-01-24 17:30:28,226 - INFO - Collecting five days data...
2025-01-24 17:30:28,251 - INFO - Calculating percentage changes...
2025-01-24 17:30:28,255 - INFO - Collecting hourly data...
2025-01-24 17:30:28,268 - INFO - Preparing template and generating HTML...
2025-01-24 17:30:28,282 - INFO - Report successfully generated and saved to reports/The Oterra_23-Jan-2025.html
2025-01-24 17:30:28,282 - INFO - Report generated successfully: reports/The Oterra_23-Jan-2025.html
2025-01-24 17:30:28,282 - INFO - Preparing daily report email for The Oterra
2025-01-24 17:30:28,282 - INFO - Visitor stats - Total: 2367, Previous: 2035, Change: 16.31%
2025-01-24 17:30:28,282 - INFO - Successfully attached report: reports/The Oterra_23-Jan-2025.html
2025-01-24 17:30:29,010 - INFO - Email sent successfully to heet.b@velankanigroup.com
2025-01-24 17:30:29,010 - INFO - Daily report sent successfully
2025-01-24 17:32:25,864 - INFO - Starting report generation for date: 2025-01-23
2025-01-24 17:32:25,864 - INFO - Report class initialized successfully
2025-01-24 17:32:25,864 - INFO - Collecting five days data...
2025-01-24 17:32:25,881 - INFO - Calculating percentage changes...
2025-01-24 17:32:25,887 - INFO - Collecting hourly data...
2025-01-24 17:32:25,899 - INFO - Preparing template and generating HTML...
2025-01-24 17:32:25,913 - INFO - Report successfully generated and saved to reports/The Oterra_23-Jan-2025.html
2025-01-24 17:32:25,913 - INFO - Report generated successfully: reports/The Oterra_23-Jan-2025.html
2025-01-24 17:32:25,913 - INFO - Preparing daily report email for The Oterra
2025-01-24 17:32:25,913 - INFO - Visitor stats - Total: 2367, Previous: 2035, Change: 16.31%
2025-01-24 17:32:25,914 - INFO - Successfully attached report: reports/The Oterra_23-Jan-2025.html
2025-01-24 17:32:26,299 - INFO - Email sent successfully to heet.b@velankanigroup.com
2025-01-24 17:32:26,299 - INFO - Daily report sent successfully
2025-01-24 17:33:39,379 - INFO - Starting report generation for date: 2025-01-23
2025-01-24 17:33:39,379 - INFO - Report class initialized successfully
2025-01-24 17:33:39,379 - INFO - Collecting five days data...
2025-01-24 17:33:39,405 - INFO - Calculating percentage changes...
2025-01-24 17:33:39,410 - INFO - Collecting hourly data...
2025-01-24 17:33:39,421 - INFO - Preparing template and generating HTML...
2025-01-24 17:33:39,428 - INFO - Report successfully generated and saved to reports/The Oterra_23-Jan-2025.html
2025-01-24 17:33:39,428 - INFO - Report generated successfully: reports/The Oterra_23-Jan-2025.html
2025-01-24 17:33:39,428 - INFO - Preparing daily report email for The Oterra
2025-01-24 17:33:39,428 - INFO - Visitor stats - Total: 2367, Previous: 2035, Change: 16.31%
2025-01-24 17:33:39,428 - INFO - Successfully attached report: reports/The Oterra_23-Jan-2025.html
2025-01-24 17:33:39,761 - INFO - Email sent successfully to heet.b@velankanigroup.com
2025-01-24 17:33:39,761 - INFO - Daily report sent successfully
2025-01-27 09:16:13,588 - INFO - Starting report generation for date: 2025-01-26
2025-01-27 09:16:13,588 - INFO - Report class initialized successfully
2025-01-27 09:16:13,588 - INFO - Collecting five days data...
2025-01-27 09:16:13,600 - ERROR - Error collecting data for date 2025-01-26: list index out of range
2025-01-27 09:16:13,600 - ERROR - Error generating dashboard: list index out of range
2025-01-27 09:16:13,600 - ERROR - Error in main function: list index out of range
2025-01-27 09:16:58,139 - INFO - Starting report generation for date: 2025-01-26
2025-01-27 09:16:58,139 - INFO - Report class initialized successfully
2025-01-27 09:16:58,139 - INFO - Collecting five days data...
2025-01-27 09:16:58,147 - ERROR - Error collecting data for date 2025-01-26: list index out of range
2025-01-27 09:16:58,147 - ERROR - Error generating dashboard: list index out of range
2025-01-27 09:16:58,147 - ERROR - Error in main function: list index out of range
2025-01-27 09:18:04,659 - INFO - Starting report generation for date: 2025-01-26
2025-01-27 09:18:04,659 - INFO - Report class initialized successfully
2025-01-27 09:18:04,659 - INFO - Collecting five days data...
2025-01-27 09:18:04,674 - INFO - Calculating percentage changes...
2025-01-27 09:18:04,676 - ERROR - Error generating dashboard: not enough values to unpack (expected 2, got 0)
2025-01-27 09:18:04,676 - ERROR - Error in main function: not enough values to unpack (expected 2, got 0)
2025-01-27 10:16:08,760 - INFO - Starting report generation for date: 2025-01-26
2025-01-27 10:16:08,760 - INFO - Report class initialized successfully
2025-01-27 10:16:08,760 - INFO - Collecting five days data...
2025-01-27 10:16:08,766 - ERROR - Error collecting data for date 2025-01-26: list index out of range
2025-01-27 10:16:08,766 - ERROR - Error generating dashboard: list index out of range
2025-01-27 10:16:08,766 - ERROR - Error in main function: list index out of range
2025-01-27 10:25:21,241 - INFO - Starting report generation for date: 2025-01-26
2025-01-27 10:25:21,242 - INFO - Report class initialized successfully
2025-01-27 10:25:21,242 - INFO - Collecting five days data...
2025-01-27 10:25:21,260 - INFO - Calculating percentage changes...
2025-01-27 10:25:21,264 - INFO - Collecting hourly data...
2025-01-27 10:25:21,272 - INFO - Preparing template and generating HTML...
2025-01-27 10:25:21,287 - INFO - Report successfully generated and saved to reports/The Oterra_26-Jan-2025.html
2025-01-27 10:25:21,288 - INFO - Report generated successfully: reports/The Oterra_26-Jan-2025.html
2025-01-27 10:25:21,288 - INFO - Daily report sent successfully
2025-01-27 10:26:58,273 - INFO - Starting report generation for date: 2025-01-26
2025-01-27 10:26:58,273 - INFO - Report class initialized successfully
2025-01-27 10:26:58,273 - INFO - Collecting five days data...
2025-01-27 10:26:58,291 - INFO - Calculating percentage changes...
2025-01-27 10:26:58,295 - INFO - Collecting hourly data...
2025-01-27 10:26:58,303 - INFO - Preparing template and generating HTML...
2025-01-27 10:26:58,309 - INFO - Report successfully generated and saved to reports/The Oterra_26-Jan-2025.html
2025-01-27 10:26:58,309 - INFO - Report generated successfully: reports/The Oterra_26-Jan-2025.html
2025-01-27 10:26:58,309 - INFO - Daily report sent successfully
2025-01-27 10:27:51,010 - INFO - Starting report generation for date: 2025-01-26
2025-01-27 10:27:51,010 - INFO - Report class initialized successfully
2025-01-27 10:27:51,010 - INFO - Collecting five days data...
2025-01-27 10:27:51,028 - INFO - Calculating percentage changes...
2025-01-27 10:27:51,032 - INFO - Collecting hourly data...
2025-01-27 10:27:51,041 - INFO - Preparing template and generating HTML...
2025-01-27 10:27:51,046 - INFO - Report successfully generated and saved to reports/The Oterra_26-Jan-2025.html
2025-01-27 10:27:51,046 - INFO - Report generated successfully: reports/The Oterra_26-Jan-2025.html
2025-01-27 10:27:51,046 - INFO - Daily report sent successfully
2025-01-27 10:28:48,464 - INFO - Starting report generation for date: 2025-01-26
2025-01-27 10:28:48,464 - INFO - Report class initialized successfully
2025-01-27 10:28:48,464 - INFO - Collecting five days data...
2025-01-27 10:28:48,482 - INFO - Calculating percentage changes...
2025-01-27 10:28:48,486 - INFO - Collecting hourly data...
2025-01-27 10:28:48,494 - INFO - Preparing template and generating HTML...
2025-01-27 10:28:48,499 - INFO - Report successfully generated and saved to reports/The Oterra_26-Jan-2025.html
2025-01-27 10:28:48,499 - INFO - Report generated successfully: reports/The Oterra_26-Jan-2025.html
2025-01-27 10:28:48,499 - INFO - Daily report sent successfully
2025-01-27 10:29:12,463 - INFO - Starting report generation for date: 2025-01-26
2025-01-27 10:29:12,463 - INFO - Report class initialized successfully
2025-01-27 10:29:12,463 - INFO - Collecting five days data...
2025-01-27 10:29:12,481 - INFO - Calculating percentage changes...
2025-01-27 10:29:12,485 - INFO - Collecting hourly data...
2025-01-27 10:29:12,493 - INFO - Preparing template and generating HTML...
2025-01-27 10:29:12,498 - INFO - Report successfully generated and saved to reports/The Oterra_26-Jan-2025.html
2025-01-27 10:29:12,498 - INFO - Report generated successfully: reports/The Oterra_26-Jan-2025.html
2025-01-27 10:29:12,498 - INFO - Daily report sent successfully
2025-01-27 10:34:18,013 - INFO - Starting report generation for date: 2025-01-25
2025-01-27 10:34:18,013 - INFO - Report class initialized successfully
2025-01-27 10:34:18,013 - INFO - Collecting five days data...
2025-01-27 10:34:18,032 - INFO - Calculating percentage changes...
2025-01-27 10:34:18,037 - INFO - Collecting hourly data...
2025-01-27 10:34:18,045 - INFO - Preparing template and generating HTML...
2025-01-27 10:34:18,050 - INFO - Report successfully generated and saved to reports/The Oterra_25-Jan-2025.html
2025-01-27 10:34:18,050 - INFO - Report generated successfully: reports/The Oterra_25-Jan-2025.html
2025-01-27 10:34:18,050 - INFO - Daily report sent successfully
2025-01-28 09:29:37,497 - INFO - Starting report generation for date: 2025-01-27
2025-01-28 09:29:37,497 - INFO - Report class initialized successfully
2025-01-28 09:29:37,497 - INFO - Collecting five days data...
2025-01-28 09:29:37,516 - INFO - Calculating percentage changes...
2025-01-28 09:29:37,521 - INFO - Collecting hourly data...
2025-01-28 09:29:37,529 - INFO - Preparing template and generating HTML...
2025-01-28 09:29:37,534 - INFO - Report successfully generated and saved to reports/The Oterra_27-Jan-2025.html
2025-01-28 09:29:37,534 - INFO - Report generated successfully: reports/The Oterra_27-Jan-2025.html
2025-01-28 09:29:37,534 - INFO - Daily report sent successfully
2025-01-28 09:30:54,612 - INFO - Starting report generation for date: 2025-01-27
2025-01-28 09:30:54,612 - INFO - Report class initialized successfully
2025-01-28 09:30:54,612 - INFO - Collecting five days data...
2025-01-28 09:30:54,631 - INFO - Calculating percentage changes...
2025-01-28 09:30:54,636 - INFO - Collecting hourly data...
2025-01-28 09:30:54,642 - INFO - Collecting hourly data...
2025-01-28 09:30:54,648 - INFO - Preparing template and generating HTML...
2025-01-28 09:30:54,653 - INFO - Report successfully generated and saved to reports/The Oterra_27-Jan-2025.html
2025-01-28 09:30:54,653 - INFO - Report generated successfully: reports/The Oterra_27-Jan-2025.html
2025-01-28 09:30:54,653 - INFO - Daily report sent successfully
